<?xml version="1.0" encoding="UTF-8"?>
<!-- Generated by org.testng.reporters.JUnitReportReporter -->
<testsuite hostname="3a6611654644" failures="0" tests="20" name="com.selenium.tests.LoginTest" time="417.680" errors="3" timestamp="2026-05-22T08:20:06 IST" skipped="0">
  <testcase classname="com.selenium.tests.LoginTest" name="loginWithInvalidUsername" time="16.553"/>
  <testcase classname="com.selenium.tests.LoginTest" name="switchToNewTabOrSameTab" time="14.536"/>
  <testcase classname="com.selenium.tests.LoginTest" name="loginWithUsernameContainingSpaces" time="24.537"/>
  <testcase classname="com.selenium.tests.LoginTest" name="verifyLoginPageTitle" time="13.075"/>
  <testcase classname="com.selenium.tests.LoginTest" name="loginWithUsernameEmpty" time="1.502"/>
  <testcase classname="com.selenium.tests.LoginTest" name="verifyLabelsVisible" time="29.714"/>
  <testcase classname="com.selenium.tests.LoginTest" name="loginWithValidCredentials" time="34.601">
    <error message="Expected condition failed: waiting for visibility of element located by By.xpath: //h2[contains(text(),&#039;Backup&#039;)] (tried for 10 second(s) with 500 milliseconds interval)
Build info: version: &#039;4.18.1&#039;, revision: &#039;b1d3319b48&#039;
System info: os.name: &#039;Linux&#039;, os.arch: &#039;amd64&#039;, os.version: &#039;6.17.0-29-generic&#039;, java.version: &#039;21.0.3&#039;
Driver info: org.openqa.selenium.remote.RemoteWebDriver
Capabilities {acceptInsecureCerts: true, browserName: firefox, browserVersion: 123.0, moz:accessibilityChecks: false, moz:buildID: 20240213221259, moz:debuggerAddress: 127.0.0.1:27054, moz:firefoxOptions: {args: [--headless]}, moz:geckodriverVersion: 0.34.0, moz:headless: true, moz:platformVersion: 6.17.0-29-generic, moz:processID: 7228, moz:profile: /tmp/rust_mozprofileM5m5kn, moz:shutdownTimeout: 60000, moz:webdriverClick: true, moz:windowless: false, pageLoadStrategy: normal, platformName: linux, proxy: Proxy(), se:bidiEnabled: false, se:cdp: ws://192.168.0.2:4444/sessi..., se:cdpVersion: 85.0, se:noVncPort: 7900, se:vnc: ws://192.168.0.2:4444/sessi..., se:vncEnabled: true, se:vncLocalAddress: ws://192.168.0.2:7900, setWindowRect: true, strictFileInteractability: false, timeouts: {implicit: 0, pageLoad: 300000, script: 30000}, unhandledPromptBehavior: dismiss and notify}
Session ID: e1ce8b4e-bfa7-46aa-9e74-c133dfbfc22a" type="org.openqa.selenium.TimeoutException">
      <![CDATA[org.openqa.selenium.TimeoutException: Expected condition failed: waiting for visibility of element located by By.xpath: //h2[contains(text(),'Backup')] (tried for 10 second(s) with 500 milliseconds interval)
Build info: version: '4.18.1', revision: 'b1d3319b48'
System info: os.name: 'Linux', os.arch: 'amd64', os.version: '6.17.0-29-generic', java.version: '21.0.3'
Driver info: org.openqa.selenium.remote.RemoteWebDriver
Capabilities {acceptInsecureCerts: true, browserName: firefox, browserVersion: 123.0, moz:accessibilityChecks: false, moz:buildID: 20240213221259, moz:debuggerAddress: 127.0.0.1:27054, moz:firefoxOptions: {args: [--headless]}, moz:geckodriverVersion: 0.34.0, moz:headless: true, moz:platformVersion: 6.17.0-29-generic, moz:processID: 7228, moz:profile: /tmp/rust_mozprofileM5m5kn, moz:shutdownTimeout: 60000, moz:webdriverClick: true, moz:windowless: false, pageLoadStrategy: normal, platformName: linux, proxy: Proxy(), se:bidiEnabled: false, se:cdp: ws://192.168.0.2:4444/sessi..., se:cdpVersion: 85.0, se:noVncPort: 7900, se:vnc: ws://192.168.0.2:4444/sessi..., se:vncEnabled: true, se:vncLocalAddress: ws://192.168.0.2:7900, setWindowRect: true, strictFileInteractability: false, timeouts: {implicit: 0, pageLoad: 300000, script: 30000}, unhandledPromptBehavior: dismiss and notify}
Session ID: e1ce8b4e-bfa7-46aa-9e74-c133dfbfc22a
at org.openqa.selenium.support.ui.WebDriverWait.timeoutException(WebDriverWait.java:84)
at org.openqa.selenium.support.ui.FluentWait.until(FluentWait.java:228)
at com.selenium.tests.LoginTest.loginWithValidCredentials(LoginTest.java:77)
at java.base/jdk.internal.reflect.DirectMethodHandleAccessor.invoke(DirectMethodHandleAccessor.java:103)
at java.base/java.lang.reflect.Method.invoke(Method.java:580)
at org.testng.internal.invokers.MethodInvocationHelper.invokeMethod(MethodInvocationHelper.java:139)
at org.testng.internal.invokers.TestInvoker.invokeMethod(TestInvoker.java:664)
at org.testng.internal.invokers.TestInvoker.invokeTestMethod(TestInvoker.java:228)
at org.testng.internal.invokers.MethodRunner.runInSequence(MethodRunner.java:63)
at org.testng.internal.invokers.TestInvoker$MethodInvocationAgent.invoke(TestInvoker.java:961)
at org.testng.internal.invokers.TestInvoker.invokeTestMethods(TestInvoker.java:201)
at org.testng.internal.invokers.TestMethodWorker.invokeTestMethods(TestMethodWorker.java:148)
at org.testng.internal.invokers.TestMethodWorker.run(TestMethodWorker.java:128)
at java.base/java.util.concurrent.Executors$RunnableAdapter.call(Executors.java:572)
at java.base/java.util.concurrent.FutureTask.run(FutureTask.java:317)
at org.testng.internal.thread.graph.TestNGFutureTask.run(TestNGFutureTask.java:22)
at java.base/java.util.concurrent.ThreadPoolExecutor.runWorker(ThreadPoolExecutor.java:1144)
at java.base/java.util.concurrent.ThreadPoolExecutor$Worker.run(ThreadPoolExecutor.java:642)
at java.base/java.lang.Thread.run(Thread.java:1583)
]]>
    </error>
  </testcase> <!-- loginWithValidCredentials -->
  <testcase classname="com.selenium.tests.LoginTest" name="loginWithPasswordEmpty" time="10.107"/>
  <testcase classname="com.selenium.tests.LoginTest" name="verifyAllElementsPresent" time="24.469"/>
  <testcase classname="com.selenium.tests.LoginTest" name="clickSignUpLinkTest" time="38.886"/>
  <testcase classname="com.selenium.tests.LoginTest" name="loginWithWhitespacePassword" time="16.307"/>
  <testcase classname="com.selenium.tests.LoginTest" name="verifyLoginAfterPasswordChange" time="31.510">
    <error message="Expected condition failed: waiting for visibility of element located by By.xpath: //h2[contains(text(),&#039;Backup&#039;)] (tried for 15 second(s) with 500 milliseconds interval)
Build info: version: &#039;4.18.1&#039;, revision: &#039;b1d3319b48&#039;
System info: os.name: &#039;Linux&#039;, os.arch: &#039;amd64&#039;, os.version: &#039;6.17.0-29-generic&#039;, java.version: &#039;21.0.3&#039;
Driver info: org.openqa.selenium.remote.RemoteWebDriver
Capabilities {acceptInsecureCerts: true, browserName: firefox, browserVersion: 123.0, moz:accessibilityChecks: false, moz:buildID: 20240213221259, moz:debuggerAddress: 127.0.0.1:22154, moz:firefoxOptions: {args: [--headless]}, moz:geckodriverVersion: 0.34.0, moz:headless: true, moz:platformVersion: 6.17.0-29-generic, moz:processID: 9641, moz:profile: /tmp/rust_mozprofileksCwNQ, moz:shutdownTimeout: 60000, moz:webdriverClick: true, moz:windowless: false, pageLoadStrategy: normal, platformName: linux, proxy: Proxy(), se:bidiEnabled: false, se:cdp: ws://192.168.0.2:4444/sessi..., se:cdpVersion: 85.0, se:noVncPort: 7900, se:vnc: ws://192.168.0.2:4444/sessi..., se:vncEnabled: true, se:vncLocalAddress: ws://192.168.0.2:7900, setWindowRect: true, strictFileInteractability: false, timeouts: {implicit: 0, pageLoad: 300000, script: 30000}, unhandledPromptBehavior: dismiss and notify}
Session ID: 56fc663d-88a8-4f54-9650-0edc1f36b59d" type="org.openqa.selenium.TimeoutException">
      <![CDATA[org.openqa.selenium.TimeoutException: Expected condition failed: waiting for visibility of element located by By.xpath: //h2[contains(text(),'Backup')] (tried for 15 second(s) with 500 milliseconds interval)
Build info: version: '4.18.1', revision: 'b1d3319b48'
System info: os.name: 'Linux', os.arch: 'amd64', os.version: '6.17.0-29-generic', java.version: '21.0.3'
Driver info: org.openqa.selenium.remote.RemoteWebDriver
Capabilities {acceptInsecureCerts: true, browserName: firefox, browserVersion: 123.0, moz:accessibilityChecks: false, moz:buildID: 20240213221259, moz:debuggerAddress: 127.0.0.1:22154, moz:firefoxOptions: {args: [--headless]}, moz:geckodriverVersion: 0.34.0, moz:headless: true, moz:platformVersion: 6.17.0-29-generic, moz:processID: 9641, moz:profile: /tmp/rust_mozprofileksCwNQ, moz:shutdownTimeout: 60000, moz:webdriverClick: true, moz:windowless: false, pageLoadStrategy: normal, platformName: linux, proxy: Proxy(), se:bidiEnabled: false, se:cdp: ws://192.168.0.2:4444/sessi..., se:cdpVersion: 85.0, se:noVncPort: 7900, se:vnc: ws://192.168.0.2:4444/sessi..., se:vncEnabled: true, se:vncLocalAddress: ws://192.168.0.2:7900, setWindowRect: true, strictFileInteractability: false, timeouts: {implicit: 0, pageLoad: 300000, script: 30000}, unhandledPromptBehavior: dismiss and notify}
Session ID: 56fc663d-88a8-4f54-9650-0edc1f36b59d
at org.openqa.selenium.support.ui.WebDriverWait.timeoutException(WebDriverWait.java:84)
at org.openqa.selenium.support.ui.FluentWait.until(FluentWait.java:228)
at com.selenium.tests.LoginTest.verifyLoginAfterPasswordChange(LoginTest.java:214)
at java.base/jdk.internal.reflect.DirectMethodHandleAccessor.invoke(DirectMethodHandleAccessor.java:103)
at java.base/java.lang.reflect.Method.invoke(Method.java:580)
at org.testng.internal.invokers.MethodInvocationHelper.invokeMethod(MethodInvocationHelper.java:139)
at org.testng.internal.invokers.TestInvoker.invokeMethod(TestInvoker.java:664)
at org.testng.internal.invokers.TestInvoker.invokeTestMethod(TestInvoker.java:228)
at org.testng.internal.invokers.MethodRunner.runInSequence(MethodRunner.java:63)
at org.testng.internal.invokers.TestInvoker$MethodInvocationAgent.invoke(TestInvoker.java:961)
at org.testng.internal.invokers.TestInvoker.invokeTestMethods(TestInvoker.java:201)
at org.testng.internal.invokers.TestMethodWorker.invokeTestMethods(TestMethodWorker.java:148)
at org.testng.internal.invokers.TestMethodWorker.run(TestMethodWorker.java:128)
at java.base/java.util.concurrent.Executors$RunnableAdapter.call(Executors.java:572)
at java.base/java.util.concurrent.FutureTask.run(FutureTask.java:317)
at org.testng.internal.thread.graph.TestNGFutureTask.run(TestNGFutureTask.java:22)
at java.base/java.util.concurrent.ThreadPoolExecutor.runWorker(ThreadPoolExecutor.java:1144)
at java.base/java.util.concurrent.ThreadPoolExecutor$Worker.run(ThreadPoolExecutor.java:642)
at java.base/java.lang.Thread.run(Thread.java:1583)
]]>
    </error>
  </testcase> <!-- verifyLoginAfterPasswordChange -->
  <testcase classname="com.selenium.tests.LoginTest" name="verifyKeyboardNavigationLogin" time="34.938">
    <error message="Expected condition failed: waiting for visibility of element located by By.xpath: //h2[contains(text(),&#039;Backup&#039;)] (tried for 10 second(s) with 500 milliseconds interval)
Build info: version: &#039;4.18.1&#039;, revision: &#039;b1d3319b48&#039;
System info: os.name: &#039;Linux&#039;, os.arch: &#039;amd64&#039;, os.version: &#039;6.17.0-29-generic&#039;, java.version: &#039;21.0.3&#039;
Driver info: org.openqa.selenium.remote.RemoteWebDriver
Capabilities {acceptInsecureCerts: true, browserName: firefox, browserVersion: 123.0, moz:accessibilityChecks: false, moz:buildID: 20240213221259, moz:debuggerAddress: 127.0.0.1:26233, moz:firefoxOptions: {args: [--headless]}, moz:geckodriverVersion: 0.34.0, moz:headless: true, moz:platformVersion: 6.17.0-29-generic, moz:processID: 8805, moz:profile: /tmp/rust_mozprofileu5tMFX, moz:shutdownTimeout: 60000, moz:webdriverClick: true, moz:windowless: false, pageLoadStrategy: normal, platformName: linux, proxy: Proxy(), se:bidiEnabled: false, se:cdp: ws://192.168.0.2:4444/sessi..., se:cdpVersion: 85.0, se:noVncPort: 7900, se:vnc: ws://192.168.0.2:4444/sessi..., se:vncEnabled: true, se:vncLocalAddress: ws://192.168.0.2:7900, setWindowRect: true, strictFileInteractability: false, timeouts: {implicit: 0, pageLoad: 300000, script: 30000}, unhandledPromptBehavior: dismiss and notify}
Session ID: 4de02f38-92b8-46a2-87e9-5b0fd2a07ea6" type="org.openqa.selenium.TimeoutException">
      <![CDATA[org.openqa.selenium.TimeoutException: Expected condition failed: waiting for visibility of element located by By.xpath: //h2[contains(text(),'Backup')] (tried for 10 second(s) with 500 milliseconds interval)
Build info: version: '4.18.1', revision: 'b1d3319b48'
System info: os.name: 'Linux', os.arch: 'amd64', os.version: '6.17.0-29-generic', java.version: '21.0.3'
Driver info: org.openqa.selenium.remote.RemoteWebDriver
Capabilities {acceptInsecureCerts: true, browserName: firefox, browserVersion: 123.0, moz:accessibilityChecks: false, moz:buildID: 20240213221259, moz:debuggerAddress: 127.0.0.1:26233, moz:firefoxOptions: {args: [--headless]}, moz:geckodriverVersion: 0.34.0, moz:headless: true, moz:platformVersion: 6.17.0-29-generic, moz:processID: 8805, moz:profile: /tmp/rust_mozprofileu5tMFX, moz:shutdownTimeout: 60000, moz:webdriverClick: true, moz:windowless: false, pageLoadStrategy: normal, platformName: linux, proxy: Proxy(), se:bidiEnabled: false, se:cdp: ws://192.168.0.2:4444/sessi..., se:cdpVersion: 85.0, se:noVncPort: 7900, se:vnc: ws://192.168.0.2:4444/sessi..., se:vncEnabled: true, se:vncLocalAddress: ws://192.168.0.2:7900, setWindowRect: true, strictFileInteractability: false, timeouts: {implicit: 0, pageLoad: 300000, script: 30000}, unhandledPromptBehavior: dismiss and notify}
Session ID: 4de02f38-92b8-46a2-87e9-5b0fd2a07ea6
at org.openqa.selenium.support.ui.WebDriverWait.timeoutException(WebDriverWait.java:84)
at org.openqa.selenium.support.ui.FluentWait.until(FluentWait.java:228)
at com.selenium.tests.LoginTest.verifyKeyboardNavigationLogin(LoginTest.java:269)
at java.base/jdk.internal.reflect.DirectMethodHandleAccessor.invoke(DirectMethodHandleAccessor.java:103)
at java.base/java.lang.reflect.Method.invoke(Method.java:580)
at org.testng.internal.invokers.MethodInvocationHelper.invokeMethod(MethodInvocationHelper.java:139)
at org.testng.internal.invokers.TestInvoker.invokeMethod(TestInvoker.java:664)
at org.testng.internal.invokers.TestInvoker.invokeTestMethod(TestInvoker.java:228)
at org.testng.internal.invokers.MethodRunner.runInSequence(MethodRunner.java:63)
at org.testng.internal.invokers.TestInvoker$MethodInvocationAgent.invoke(TestInvoker.java:961)
at org.testng.internal.invokers.TestInvoker.invokeTestMethods(TestInvoker.java:201)
at org.testng.internal.invokers.TestMethodWorker.invokeTestMethods(TestMethodWorker.java:148)
at org.testng.internal.invokers.TestMethodWorker.run(TestMethodWorker.java:128)
at java.base/java.util.concurrent.Executors$RunnableAdapter.call(Executors.java:572)
at java.base/java.util.concurrent.FutureTask.run(FutureTask.java:317)
at org.testng.internal.thread.graph.TestNGFutureTask.run(TestNGFutureTask.java:22)
at java.base/java.util.concurrent.ThreadPoolExecutor.runWorker(ThreadPoolExecutor.java:1144)
at java.base/java.util.concurrent.ThreadPoolExecutor$Worker.run(ThreadPoolExecutor.java:642)
at java.base/java.lang.Thread.run(Thread.java:1583)
]]>
    </error>
  </testcase> <!-- verifyKeyboardNavigationLogin -->
  <testcase classname="com.selenium.tests.LoginTest" name="loginWithInvalidPassword" time="14.502"/>
  <testcase classname="com.selenium.tests.LoginTest" name="verifyAutofillBehavior" time="23.635"/>
  <testcase classname="com.selenium.tests.LoginTest" name="verifyButtonAndLinkVisibility" time="24.611"/>
  <testcase classname="com.selenium.tests.LoginTest" name="verifyLoginAfterBackendReset" time="24.789"/>
  <testcase classname="com.selenium.tests.LoginTest" name="verifyLoginWithMaxChars" time="6.542"/>
  <testcase classname="com.selenium.tests.LoginTest" name="loginWithEmptyFields" time="16.652"/>
  <testcase classname="com.selenium.tests.LoginTest" name="loginWithSQLInjection" time="16.214"/>
</testsuite> <!-- com.selenium.tests.LoginTest -->
