<?xml version="1.0" encoding="UTF-8"?>
<!-- Generated by org.testng.reporters.JUnitReportReporter -->
<testsuite hostname="017fd7cf6f13" failures="1" tests="19" name="com.selenium.tests.DashboardTest" time="370.696" errors="0" timestamp="2026-05-20T16:26:16 IST" skipped="0">
  <testcase classname="com.selenium.tests.DashboardTest" name="verifyGoToLoginButton" time="34.574"/>
  <testcase classname="com.selenium.tests.DashboardTest" name="verifyPageBackgroundColor" time="16.465"/>
  <testcase classname="com.selenium.tests.DashboardTest" name="verifyPageTitle" time="16.375"/>
  <testcase classname="com.selenium.tests.DashboardTest" name="verifyFontStyles" time="15.770"/>
  <testcase classname="com.selenium.tests.DashboardTest" name="verifyPageHeading" time="16.322"/>
  <testcase classname="com.selenium.tests.DashboardTest" name="verifyBackupTimeReflectsSystemClock" time="22.096"/>
  <testcase classname="com.selenium.tests.DashboardTest" name="verifyPageLoadSpeed" time="34.678"/>
  <testcase classname="com.selenium.tests.DashboardTest" name="verifyBackupStatsVisible" time="3.542"/>
  <testcase classname="com.selenium.tests.DashboardTest" name="verifyStatsAlignment" time="16.576"/>
  <testcase classname="com.selenium.tests.DashboardTest" name="verifyBackupSummaryConsistency" time="30.018">
    <failure message="expected [2026-05-20 16:23:54] but found [Last Run: 2026-05-20 16:23:54]" type="java.lang.AssertionError">
      <![CDATA[java.lang.AssertionError: expected [2026-05-20 16:23:54] but found [Last Run: 2026-05-20 16:23:54]
at org.testng.Assert.fail(Assert.java:111)
at org.testng.Assert.failNotEquals(Assert.java:1578)
at org.testng.Assert.assertEqualsImpl(Assert.java:150)
at org.testng.Assert.assertEquals(Assert.java:132)
at org.testng.Assert.assertEquals(Assert.java:656)
at org.testng.Assert.assertEquals(Assert.java:666)
at com.selenium.tests.DashboardTest.verifyBackupSummaryConsistency(DashboardTest.java:305)
at java.base/jdk.internal.reflect.DirectMethodHandleAccessor.invoke(DirectMethodHandleAccessor.java:103)
at java.base/java.lang.reflect.Method.invoke(Method.java:580)
at org.testng.internal.invokers.MethodInvocationHelper.invokeMethod(MethodInvocationHelper.java:139)
at org.testng.internal.invokers.TestInvoker.invokeMethod(TestInvoker.java:664)
at org.testng.internal.invokers.TestInvoker.invokeTestMethod(TestInvoker.java:228)
at org.testng.internal.invokers.MethodRunner.runInSequence(MethodRunner.java:63)
at org.testng.internal.invokers.TestInvoker$MethodInvocationAgent.invoke(TestInvoker.java:961)
at org.testng.internal.invokers.TestInvoker.invokeTestMethods(TestInvoker.java:201)
at org.testng.internal.invokers.TestMethodWorker.invokeTestMethods(TestMethodWorker.java:148)
at org.testng.internal.invokers.TestMethodWorker.run(TestMethodWorker.java:128)
at java.base/java.util.concurrent.Executors$RunnableAdapter.call(Executors.java:572)
at java.base/java.util.concurrent.FutureTask.run(FutureTask.java:317)
at org.testng.internal.thread.graph.TestNGFutureTask.run(TestNGFutureTask.java:22)
at java.base/java.util.concurrent.ThreadPoolExecutor.runWorker(ThreadPoolExecutor.java:1144)
at java.base/java.util.concurrent.ThreadPoolExecutor$Worker.run(ThreadPoolExecutor.java:642)
at java.base/java.lang.Thread.run(Thread.java:1583)
]]>
    </failure>
  </testcase> <!-- verifyBackupSummaryConsistency -->
  <testcase classname="com.selenium.tests.DashboardTest" name="verifyDashboardHandlesLargeBackupCount" time="16.532"/>
  <testcase classname="com.selenium.tests.DashboardTest" name="verifyAllTextVisible" time="16.426"/>
  <testcase classname="com.selenium.tests.DashboardTest" name="verifyDashboardAfterRefresh" time="14.556"/>
  <testcase classname="com.selenium.tests.DashboardTest" name="verifyFailedBackupStatus" time="16.311"/>
  <testcase classname="com.selenium.tests.DashboardTest" name="verifyDashboardNavigation" time="16.371"/>
  <testcase classname="com.selenium.tests.DashboardTest" name="verifyScreenReaderCompatibility" time="14.075"/>
  <testcase classname="com.selenium.tests.DashboardTest" name="verifyAutoRefresh" time="46.553"/>
  <testcase classname="com.selenium.tests.DashboardTest" name="verifyNoOverlappingElements" time="16.438"/>
  <testcase classname="com.selenium.tests.DashboardTest" name="verifyGoToLoginButtonEffect" time="7.018"/>
</testsuite> <!-- com.selenium.tests.DashboardTest -->
