<?xml version="1.0" encoding="UTF-8"?>
<!-- Generated by org.testng.reporters.JUnitReportReporter -->
<testsuite hostname="bd9e11ca8471" failures="0" tests="19" name="com.selenium.tests.DashboardTest" time="563.026" errors="1" timestamp="2026-05-22T07:33:03 IST" skipped="0">
  <testcase classname="com.selenium.tests.DashboardTest" name="verifyAllTextVisible" time="30.474"/>
  <testcase classname="com.selenium.tests.DashboardTest" name="verifyScreenReaderCompatibility" time="53.944"/>
  <testcase classname="com.selenium.tests.DashboardTest" name="verifyGoToLoginButton" time="11.105"/>
  <testcase classname="com.selenium.tests.DashboardTest" name="verifyPageTitle" time="16.442"/>
  <testcase classname="com.selenium.tests.DashboardTest" name="verifyGoToLoginButtonEffect" time="16.645"/>
  <testcase classname="com.selenium.tests.DashboardTest" name="verifyBackupStatsVisible" time="3.416"/>
  <testcase classname="com.selenium.tests.DashboardTest" name="verifyDashboardAfterRefresh" time="16.542"/>
  <testcase classname="com.selenium.tests.DashboardTest" name="verifyBackupSummaryConsistency" time="70.566">
    <error message="Expected condition failed: waiting for visibility of element located by By.xpath: //p[strong[contains(text(),&#039;Last File:&#039;)]] (tried for 40 second(s) with 500 milliseconds interval)
Build info: version: &#039;4.18.1&#039;, revision: &#039;b1d3319b48&#039;
System info: os.name: &#039;Linux&#039;, os.arch: &#039;amd64&#039;, os.version: &#039;6.17.0-29-generic&#039;, java.version: &#039;21.0.3&#039;
Driver info: org.openqa.selenium.remote.RemoteWebDriver
Capabilities {acceptInsecureCerts: true, browserName: firefox, browserVersion: 123.0, moz:accessibilityChecks: false, moz:buildID: 20240213221259, moz:debuggerAddress: 127.0.0.1:32463, moz:firefoxOptions: {args: [--headless]}, moz:geckodriverVersion: 0.34.0, moz:headless: true, moz:platformVersion: 6.17.0-29-generic, moz:processID: 10673, moz:profile: /tmp/rust_mozprofileb99iWx, moz:shutdownTimeout: 60000, moz:webdriverClick: true, moz:windowless: false, pageLoadStrategy: normal, platformName: linux, proxy: Proxy(), se:bidiEnabled: false, se:cdp: ws://192.168.0.5:4444/sessi..., se:cdpVersion: 85.0, se:noVncPort: 7900, se:vnc: ws://192.168.0.5:4444/sessi..., se:vncEnabled: true, se:vncLocalAddress: ws://192.168.0.5:7900, setWindowRect: true, strictFileInteractability: false, timeouts: {implicit: 0, pageLoad: 300000, script: 30000}, unhandledPromptBehavior: dismiss and notify}
Session ID: 4f955d8c-f6d9-4472-9da3-7b3bdeab2181" type="org.openqa.selenium.TimeoutException">
      <![CDATA[org.openqa.selenium.TimeoutException: Expected condition failed: waiting for visibility of element located by By.xpath: //p[strong[contains(text(),'Last File:')]] (tried for 40 second(s) with 500 milliseconds interval)
Build info: version: '4.18.1', revision: 'b1d3319b48'
System info: os.name: 'Linux', os.arch: 'amd64', os.version: '6.17.0-29-generic', java.version: '21.0.3'
Driver info: org.openqa.selenium.remote.RemoteWebDriver
Capabilities {acceptInsecureCerts: true, browserName: firefox, browserVersion: 123.0, moz:accessibilityChecks: false, moz:buildID: 20240213221259, moz:debuggerAddress: 127.0.0.1:32463, moz:firefoxOptions: {args: [--headless]}, moz:geckodriverVersion: 0.34.0, moz:headless: true, moz:platformVersion: 6.17.0-29-generic, moz:processID: 10673, moz:profile: /tmp/rust_mozprofileb99iWx, moz:shutdownTimeout: 60000, moz:webdriverClick: true, moz:windowless: false, pageLoadStrategy: normal, platformName: linux, proxy: Proxy(), se:bidiEnabled: false, se:cdp: ws://192.168.0.5:4444/sessi..., se:cdpVersion: 85.0, se:noVncPort: 7900, se:vnc: ws://192.168.0.5:4444/sessi..., se:vncEnabled: true, se:vncLocalAddress: ws://192.168.0.5:7900, setWindowRect: true, strictFileInteractability: false, timeouts: {implicit: 0, pageLoad: 300000, script: 30000}, unhandledPromptBehavior: dismiss and notify}
Session ID: 4f955d8c-f6d9-4472-9da3-7b3bdeab2181
at org.openqa.selenium.support.ui.WebDriverWait.timeoutException(WebDriverWait.java:84)
at org.openqa.selenium.support.ui.FluentWait.until(FluentWait.java:228)
at com.selenium.tests.DashboardTest.verifyBackupSummaryConsistency(DashboardTest.java:311)
at java.base/jdk.internal.reflect.DirectMethodHandleAccessor.invoke(DirectMethodHandleAccessor.java:103)
at java.base/java.lang.reflect.Method.invoke(Method.java:580)
at org.testng.internal.invokers.MethodInvocationHelper.invokeMethod(MethodInvocationHelper.java:139)
at org.testng.internal.invokers.TestInvoker.invokeMethod(TestInvoker.java:664)
at org.testng.internal.invokers.TestInvoker.invokeTestMethod(TestInvoker.java:228)
at org.testng.internal.invokers.MethodRunner.runInSequence(MethodRunner.java:63)
at org.testng.internal.invokers.TestInvoker$MethodInvocationAgent.invoke(TestInvoker.java:961)
at org.testng.internal.invokers.TestInvoker.invokeTestMethods(TestInvoker.java:201)
at org.testng.internal.invokers.TestMethodWorker.invokeTestMethods(TestMethodWorker.java:148)
at org.testng.internal.invokers.TestMethodWorker.run(TestMethodWorker.java:128)
at java.base/java.util.concurrent.Executors$RunnableAdapter.call(Executors.java:572)
at java.base/java.util.concurrent.FutureTask.run(FutureTask.java:317)
at org.testng.internal.thread.graph.TestNGFutureTask.run(TestNGFutureTask.java:22)
at java.base/java.util.concurrent.ThreadPoolExecutor.runWorker(ThreadPoolExecutor.java:1144)
at java.base/java.util.concurrent.ThreadPoolExecutor$Worker.run(ThreadPoolExecutor.java:642)
at java.base/java.lang.Thread.run(Thread.java:1583)
]]>
    </error>
  </testcase> <!-- verifyBackupSummaryConsistency -->
  <testcase classname="com.selenium.tests.DashboardTest" name="verifyDashboardHandlesLargeBackupCount" time="16.224"/>
  <testcase classname="com.selenium.tests.DashboardTest" name="verifyFailedBackupStatus" time="16.287"/>
  <testcase classname="com.selenium.tests.DashboardTest" name="verifyDashboardNavigation" time="30.520"/>
  <testcase classname="com.selenium.tests.DashboardTest" name="verifyStatsAlignment" time="59.387"/>
  <testcase classname="com.selenium.tests.DashboardTest" name="verifyPageHeading" time="16.150"/>
  <testcase classname="com.selenium.tests.DashboardTest" name="verifyAutoRefresh" time="66.751"/>
  <testcase classname="com.selenium.tests.DashboardTest" name="verifyBackupTimeReflectsSystemClock" time="72.596"/>
  <testcase classname="com.selenium.tests.DashboardTest" name="verifyNoOverlappingElements" time="16.922"/>
  <testcase classname="com.selenium.tests.DashboardTest" name="verifyPageBackgroundColor" time="16.413"/>
  <testcase classname="com.selenium.tests.DashboardTest" name="verifyFontStyles" time="16.368"/>
  <testcase classname="com.selenium.tests.DashboardTest" name="verifyPageLoadSpeed" time="16.274"/>
</testsuite> <!-- com.selenium.tests.DashboardTest -->
