<?xml version="1.0" encoding="UTF-8"?>
<!-- Generated by org.testng.reporters.JUnitReportReporter -->
<testsuite hostname="144628b7b82a" failures="0" tests="20" name="com.selenium.tests.LoginTest" time="296.022" errors="0" timestamp="2026-05-21T16:50:20 IST" skipped="0">
  <testcase classname="com.selenium.tests.LoginTest" name="verifyKeyboardNavigationLogin" time="16.982"/>
  <testcase classname="com.selenium.tests.LoginTest" name="loginWithInvalidPassword" time="16.388"/>
  <testcase classname="com.selenium.tests.LoginTest" name="loginWithSQLInjection" time="16.214"/>
  <testcase classname="com.selenium.tests.LoginTest" name="loginWithUsernameEmpty" time="10.037"/>
  <testcase classname="com.selenium.tests.LoginTest" name="switchToNewTabOrSameTab" time="6.410"/>
  <testcase classname="com.selenium.tests.LoginTest" name="loginWithValidCredentials" time="16.512"/>
  <testcase classname="com.selenium.tests.LoginTest" name="verifyLoginAfterPasswordChange" time="13.889"/>
  <testcase classname="com.selenium.tests.LoginTest" name="loginWithInvalidUsername" time="16.505"/>
  <testcase classname="com.selenium.tests.LoginTest" name="verifyAllElementsPresent" time="16.407"/>
  <testcase classname="com.selenium.tests.LoginTest" name="verifyAutofillBehavior" time="16.312"/>
  <testcase classname="com.selenium.tests.LoginTest" name="verifyLoginWithMaxChars" time="15.828"/>
  <testcase classname="com.selenium.tests.LoginTest" name="verifyLoginAfterBackendReset" time="16.382"/>
  <testcase classname="com.selenium.tests.LoginTest" name="verifyLabelsVisible" time="16.312"/>
  <testcase classname="com.selenium.tests.LoginTest" name="loginWithWhitespacePassword" time="3.147"/>
  <testcase classname="com.selenium.tests.LoginTest" name="verifyButtonAndLinkVisibility" time="15.762"/>
  <testcase classname="com.selenium.tests.LoginTest" name="loginWithPasswordEmpty" time="16.890"/>
  <testcase classname="com.selenium.tests.LoginTest" name="loginWithEmptyFields" time="16.686"/>
  <testcase classname="com.selenium.tests.LoginTest" name="clickSignUpLinkTest" time="16.489"/>
  <testcase classname="com.selenium.tests.LoginTest" name="loginWithUsernameContainingSpaces" time="16.429"/>
  <testcase classname="com.selenium.tests.LoginTest" name="verifyLoginPageTitle" time="16.441"/>
</testsuite> <!-- com.selenium.tests.LoginTest -->
