<?xml version="1.0" encoding="UTF-8"?>
<!-- Generated by org.testng.reporters.JUnitReportReporter -->
<testsuite hostname="017fd7cf6f13" failures="0" tests="20" name="com.selenium.tests.LoginTest" time="295.845" errors="0" timestamp="2026-05-20T16:26:16 IST" skipped="0">
  <testcase classname="com.selenium.tests.LoginTest" name="verifyButtonAndLinkVisibility" time="16.377"/>
  <testcase classname="com.selenium.tests.LoginTest" name="loginWithInvalidPassword" time="16.179"/>
  <testcase classname="com.selenium.tests.LoginTest" name="loginWithEmptyFields" time="15.893"/>
  <testcase classname="com.selenium.tests.LoginTest" name="loginWithValidCredentials" time="17.250"/>
  <testcase classname="com.selenium.tests.LoginTest" name="verifyLoginAfterBackendReset" time="16.432"/>
  <testcase classname="com.selenium.tests.LoginTest" name="verifyLoginWithMaxChars" time="16.596"/>
  <testcase classname="com.selenium.tests.LoginTest" name="switchToNewTabOrSameTab" time="16.461"/>
  <testcase classname="com.selenium.tests.LoginTest" name="clickSignUpLinkTest" time="16.547"/>
  <testcase classname="com.selenium.tests.LoginTest" name="loginWithUsernameContainingSpaces" time="9.635"/>
  <testcase classname="com.selenium.tests.LoginTest" name="verifyAllElementsPresent" time="3.283"/>
  <testcase classname="com.selenium.tests.LoginTest" name="verifyAutofillBehavior" time="16.291"/>
  <testcase classname="com.selenium.tests.LoginTest" name="loginWithPasswordEmpty" time="16.418"/>
  <testcase classname="com.selenium.tests.LoginTest" name="verifyLabelsVisible" time="16.435"/>
  <testcase classname="com.selenium.tests.LoginTest" name="loginWithSQLInjection" time="16.488"/>
  <testcase classname="com.selenium.tests.LoginTest" name="loginWithInvalidUsername" time="16.504"/>
  <testcase classname="com.selenium.tests.LoginTest" name="verifyLoginAfterPasswordChange" time="7.106"/>
  <testcase classname="com.selenium.tests.LoginTest" name="loginWithUsernameEmpty" time="16.589"/>
  <testcase classname="com.selenium.tests.LoginTest" name="verifyLoginPageTitle" time="12.546"/>
  <testcase classname="com.selenium.tests.LoginTest" name="verifyKeyboardNavigationLogin" time="16.460"/>
  <testcase classname="com.selenium.tests.LoginTest" name="loginWithWhitespacePassword" time="16.355"/>
</testsuite> <!-- com.selenium.tests.LoginTest -->
